/23_01_01.log v2.1.3 nodo 230
Consumo= 2028.007 , excedente= 1681.753 kwh
00:00	306	4838	1285
00:04	289	20	0
00:08	288	39	0
00:12	287	57	0
00:16	236	77	0
00:20	223	93	0
00:24	226	108	0
00:28	241	123	0
00:32	247	140	0
00:36	250	156	0
00:40	292	175	0
00:44	287	194	0
00:48	290	213	0
00:52	296	233	0
00:56	297	253	0
01:00	298	272	0
01:04	269	291	0
01:08	213	307	0
01:12	221	322	0
01:16	222	338	0
01:20	246	353	0
01:24	217	367	0
01:28	271	384	0
01:32	293	402	0
01:36	270	420	0
01:40	267	437	0
01:44	262	456	0
01:48	213	473	0
01:52	222	487	0
01:56	221	502	0
02:00	235	519	0
02:04	238	535	0
02:08	238	550	0
02:12	309	569	0
02:16	305	590	0
02:20	361	606	0
02:24	147	617	0
02:28	82	624	0
02:32	32	628	0
02:36	31	630	0
02:40	31	633	0
02:44	31	635	0
02:48	31	637	0
02:52	32	639	0
02:56	57	640	0
03:00	80	645	0
03:04	81	652	0
03:08	80	656	0
03:12	86	661	0
03:16	34	668	0
03:20	31	670	0
03:24	31	671	0
03:28	31	674	0
03:32	31	676	0
03:36	33	678	0
03:40	33	680	0
03:44	79	684	0
03:48	80	690	0
03:52	81	695	0
03:56	80	701	0
04:00	78	706	0
04:04	31	708	0
04:08	31	710	0
04:12	31	712	0
04:16	31	713	0
04:20	33	716	0
04:24	33	718	0
04:28	77	722	0
04:32	80	727	0
04:36	80	733	0
04:40	80	738	0
04:44	78	743	0
04:48	31	746	0
04:52	31	748	0
04:56	31	750	0
05:00	31	752	0
05:04	31	754	0
05:08	32	757	0
05:12	63	759	0
05:16	79	764	0
05:20	79	769	0
05:24	79	775	0
05:28	77	780	0
05:32	30	783	0
05:36	30	785	0
05:40	30	786	0
05:44	30	789	0
05:48	30	791	0
05:52	32	793	0
05:56	32	795	0
06:00	77	799	0
06:04	79	805	0
06:08	80	810	0
06:12	78	815	0
06:16	32	820	0
06:20	30	822	0
06:24	30	824	0
06:28	30	826	0
06:32	30	828	0
06:36	30	830	0
06:40	40	832	0
06:44	52	835	0
06:48	79	838	0
06:52	80	845	0
06:56	80	850	0
07:00	77	855	0
07:04	30	859	0
07:08	30	861	0
07:12	30	863	0
07:16	30	864	0
07:20	30	867	0
07:24	30	869	0
07:28	32	871	0
07:32	70	874	0
07:36	79	879	0
07:40	80	885	0
07:44	79	890	0
07:48	77	895	0
07:52	31	897	0
07:56	30	899	0
08:00	30	901	0
08:04	30	904	0
08:08	30	906	0
08:12	31	908	0
08:16	32	910	0
08:20	73	913	0
08:24	79	918	0
08:28	79	924	0
08:32	78	929	0
08:36	36	934	0
08:40	27	936	0
08:44	61	939	0	 5	9867
08:48	57	942	0	 9	0
08:52	51	946	0	24	1
08:56	20	949	0	45	3
09:00	 0	949	0	67	7
09:04	-92	949	3	117	15
09:08	50	952	6	148	21
09:12	24	954	6	172	32
09:16	-19	955	6	222	46
09:20	-15	955	8	232	61
09:24	 9	955	8	197	75
09:28	18	957	8	183	88
09:32	-9	957	8	205	101
09:36	-8	957	9	219	115
09:40	-223	957	21	262	134
09:44	-201	957	35	311	152
09:48	-219	957	49	346	175
09:52	-233	957	64	358	198
09:56	-269	957	83	391	224
10:00	-247	957	98	363	248
10:04	-205	957	114	324	271
10:08	-229	957	130	348	295
10:12	-220	957	144	336	317
10:16	-200	957	157	312	338
10:20	-303	957	174	360	361
10:24	-266	957	193	303	382
10:28	-233	957	210	282	402
10:32	-254	957	226	292	420
10:36	-334	957	246	365	442
10:40	-66	958	259	601	469
10:44	15	958	266	399	506
10:48	-338	958	283	372	531
10:52	-303	958	295	370	559
10:56	-289	958	315	362	584
11:00	42	958	330	426	612
11:04	-360	958	349	432	639
11:08	-5	958	356	476	671
11:12	18	960	356	441	702
11:16	-37	961	361	458	731
11:20	-23	961	364	460	762
11:24	-66	961	372	516	802
11:28	-74	961	375	504	833
11:32	-995	961	395	1868	885
11:36	677	972	409	874	984
11:40	-163	975	423	683	1034
11:44	-180	976	439	954	1090
11:48	-283	976	466	777	1163
11:52	-53	976	476	542	1206
11:56	-469	1001	479	705	1238
12:00	-148	1001	485	619	1286
12:04	-142	1001	496	613	1328
12:08	-250	1001	509	716	1372
12:12	-96	1001	521	1126	1437
12:16	-133	1001	537	631	1502
12:20	-51	1001	548	912	1548
12:24	-124	1001	558	628	1601
12:28	-126	1002	564	591	1640
12:32	-41	1002	567	587	1680
12:36	-180	1002	579	633	1726
12:40	-935	1002	601	1384	1783
12:44	-575	1005	644	2771	1918
12:48	-6	1022	652	594	1993
12:52	-35	1023	661	607	2031
12:56	-298	1023	670	877	2083
13:00	-268	1024	690	831	2155
13:04	-900	1024	709	1741	2216
13:08	312	1026	741	2458	2365
13:12	-258	1030	759	2679	2535
13:16	-1330	1051	776	2548	2649
13:20	-373	1072	809	2587	2824
13:24	692	1075	828	1820	2990
13:28	-75	1109	833	2507	3110
13:32	1693	1195	834	624	3163
13:36	1642	1303	834	543	3196
13:40	-292	1310	854	465	3240
13:44	-317	1310	875	479	3272
13:48	-692	1310	898	2057	3312
13:52	-204	1311	910	355	3342
13:56	-22	1311	927	452	3372
14:00	1680	1400	927	463	3395
14:04	1203	1504	927	617	3425
14:08	-217	1546	930	1025	3503
14:12	-146	1560	933	895	3657
14:16	-28	1562	947	510	3722
14:20	-345	1562	951	415	3753
14:24	 5	1566	960	400	3768
14:28	 0	1569	960	332	3812
14:32	-121	1569	979	582	3837
14:36	119	1572	991	407	3888
14:40	-280	1574	1009	386	3916
14:44	-259	1574	1028	348	3940
14:48	-261	1574	1043	298	3960
14:52	-217	1574	1059	258	3979
14:56	 0	1574	1072	271	3995
15:00	-296	1574	1092	332	4017
15:04	-326	1574	1113	366	4041
15:08	-282	1574	1134	318	4064
15:12	-335	1574	1156	373	4087
15:16	41	1575	1169	437	4114
15:20	103	1579	1169	409	4137
15:24	-264	1581	1182	347	4166
15:28	-234	1581	1198	319	4189
15:32	-246	1581	1215	328	4210
15:36	-211	1581	1229	293	4230
15:40	-298	1581	1246	334	4252
15:44	-266	1581	1265	302	4274
15:48	-299	1581	1284	335	4295
15:52	-292	1581	1302	324	4316
15:56	-274	1581	1323	312	4339
16:00	-419	1581	1340	400	4358
16:04	-139	1582	1352	506	4392
16:08	-248	1585	1367	276	4431
16:12	140	1587	1381	339	4493
16:16	-137	1591	1388	218	4518
16:20	-198	1591	1398	263	4533
16:24	-340	1591	1416	1230	4569
16:28	-346	1614	1422	341	4635
16:32	371	1630	1432	1016	4704
16:36	473	1658	1432	918	4769
16:40	567	1692	1432	810	4826
16:44	-325	1708	1445	765	4879
16:48	-217	1708	1463	658	4927
16:52	-131	1708	1475	571	4968
16:56	-36	1708	1481	460	5003
17:00	-319	1708	1496	359	5028
17:04	-233	1708	1513	266	5048
17:08	16	1708	1524	80	5063
17:12	34	1710	1524	47	5067
17:16	49	1713	1524	31	5070
17:20	 0	1713	1524	23	5071
17:24	-34	1715	1524	18	5072
17:28	-15	1715	1526	19	5073
17:32	-7	1715	1526	13	5075
17:36	 0	1715	1526	 6	5075
17:40	 0	1715	1526
17:44	 0	1716	1526
17:48	 0	1716	1526
17:52	 6	1716	1526
17:56	 0	1716	1526
18:00	 0	1717	1526
18:04	-8	1718	1526
18:08	-6	1718	1526
18:12	 0	1718	1526
18:16	-20	1718	1526
18:20	 0	1718	1527
18:24	-6	1718	1527
18:28	 0	1720	1527
18:32	-14	1720	1527
18:36	 8	1721	1527
18:40	-11	1721	1528
18:44	-8	1721	1529
18:48	 0	1721	1529
18:52	160	1725	1529
18:56	160	1736	1529
19:00	98	1744	1529
19:04	125	1751	1529
19:08	161	1760	1529
19:12	161	1773	1529
19:16	105	1781	1529
19:20	123	1791	1529
19:24	171	1800	1529
19:28	156	1811	1529
19:32	158	1821	1529
19:36	121	1830	1529
19:40	181	1838	1529
19:44	232	1853	1529
19:48	198	1867	1529
19:52	1636	1918	1529
19:56	1637	2001	1529
20:00	308	2053	1529
20:04	167	2067	1529
20:08	95	2079	1529
20:12	171	2088	1529
20:16	164	2100	1529
20:20	145	2109	1529
20:24	91	2118	1529
20:28	82	2125	1529
20:32	237	2138	1529
20:36	270	2155	1529
20:40	212	2170	1529
20:44	217	2184	1529
20:48	266	2206	1529
20:52	207	2225	1529
20:56	215	2239	1529
21:00	164	2250	1529
21:04	215	2264	1529
21:08	222	2279	1529
21:12	222	2293	1529
21:16	156	2305	1529
21:20	254	2320	1529
21:24	295	2340	1529
21:28	283	2359	1529
21:32	1693	2390	1529
21:36	1726	2467	1529
21:40	 0	2513	1529
21:44	168	2526	1529
21:48	116	2538	1529
21:52	218	2548	1529
21:56	188	2561	1529
22:00	218	2576	1529
22:04	261	2591	1529
22:08	361	2609	1529
22:12	298	2630	1529
22:16	220	2648	1529
22:20	206	2663	1529
22:24	217	2677	1529
22:28	204	2692	1529
22:32	244	2708	1529
22:36	240	2723	1529
22:40	247	2741	1529
22:44	303	2760	1529
22:48	312	2780	1529
22:52	308	2800	1529
22:56	303	2820	1529
23:00	242	2838	1529
23:04	231	2853	1529
23:08	268	2921	1529
23:12	299	2957	1529
23:16	283	2976	1529
23:20	278	2994	1529
23:24	215	3010	1529
23:28	262	3026	1529
23:32	276	3044	1529
23:36	366	3062	1529
23:40	362	3085	1529
23:44	424	3108	1529
23:48	204	3132	1529
23:52	362	3155	1529
23:56	359	3178	1529
